Using pre-set license
Built from '2020.3/staging' branch; Version is '2020.3.13f1 (71691879b7f5) revision 7432472'; Using compiler version '192528614'; Build Type 'Release'
OS: 'Windows 7  (6.1.0) 64bit' Language: 'ru' Physical Memory: 16328 MB
BatchMode: 1, IsHumanControllingUs: 0, StartBugReporterOnCrash: 0, Is64bit: 1, IsPro: 0

 COMMAND LINE ARGUMENTS:
C:\Program Files\Unity\Hub\Editor\2020.3.13f1\Editor\Unity.exe
-adb2
-batchMode
-noUpm
-name
AssetImportWorker0
-projectPath
D:/OAOSZ/Cloud Mail.Ru/Unity/Zenva/ZenvaProjects/2DIdleClicker/2D_Idle_Clicker/IdleClickerGame
-logFile
Logs/AssetImportWorker0.log
-srvPort
51073
Successfully changed project path to: D:/OAOSZ/Cloud Mail.Ru/Unity/Zenva/ZenvaProjects/2DIdleClicker/2D_Idle_Clicker/IdleClickerGame
D:/OAOSZ/Cloud Mail.Ru/Unity/Zenva/ZenvaProjects/2DIdleClicker/2D_Idle_Clicker/IdleClickerGame
Using Asset Import Pipeline V2.
Refreshing native plugins compatible for Editor in 154.35 ms, found 3 plugins.
Preloading 0 native plugins for Editor in 0.00 ms.
Initialize engine version: 2020.3.13f1 (71691879b7f5)
[Subsystems] Discovering subsystems at path C:/Program Files/Unity/Hub/Editor/2020.3.13f1/Editor/Data/Resources/UnitySubsystems
[Subsystems] Discovering subsystems at path D:/OAOSZ/Cloud Mail.Ru/Unity/Zenva/ZenvaProjects/2DIdleClicker/2D_Idle_Clicker/IdleClickerGame/Assets
GfxDevice: creating device client; threaded=0
d3d11: CreateDXGIFactory2(...) not found, fallbacking to CreateDXGIFactory1(...).
d3d11: QueryInterface(IDXGIFactory5) failed (80004002).
Direct3D:
    Version:  Direct3D 11.0 [level 11.0]
    Renderer: NVIDIA GeForce GT 710 (ID=0x128b)
    Vendor:   
    VRAM:     963 MB
    Driver:   30.0.14.7212
Initialize mono
Mono path[0] = 'C:/Program Files/Unity/Hub/Editor/2020.3.13f1/Editor/Data/Managed'
Mono path[1] = 'C:/Program Files/Unity/Hub/Editor/2020.3.13f1/Editor/Data/MonoBleedingEdge/lib/mono/unityjit'
Mono config path = 'C:/Program Files/Unity/Hub/Editor/2020.3.13f1/Editor/Data/MonoBleedingEdge/etc'
Using monoOptions --debugger-agent=transport=dt_socket,embedding=1,server=y,suspend=n,address=127.0.0.1:56124
Begin MonoManager ReloadAssembly
Registering precompiled unity dll's ...
Register platform support module: C:/Program Files/Unity/Hub/Editor/2020.3.13f1/Editor/Data/PlaybackEngines/WebGLSupport/UnityEditor.WebGL.Extensions.dll
Register platform support module: C:/Program Files/Unity/Hub/Editor/2020.3.13f1/Editor/Data/PlaybackEngines/WindowsStandaloneSupport/UnityEditor.WindowsStandalone.Extensions.dll
Registered in 0.001926 seconds.
Native extension for WindowsStandalone target not found
Native extension for WebGL target not found
Refreshing native plugins compatible for Editor in 44.26 ms, found 3 plugins.
Preloading 0 native plugins for Editor in 0.00 ms.
Mono: successfully reloaded assembly
- Completed reload, in  1.355 seconds
Platform modules already initialized, skipping
Registering precompiled user dll's ...
Registered in 0.003344 seconds.
Begin MonoManager ReloadAssembly
Native extension for WindowsStandalone target not found
Native extension for WebGL target not found
Refreshing native plugins compatible for Editor in 46.81 ms, found 3 plugins.
Preloading 0 native plugins for Editor in 0.00 ms.
Mono: successfully reloaded assembly
- Completed reload, in  1.432 seconds
Platform modules already initialized, skipping
========================================================================
Worker process is ready to serve import requests
Launched and connected shader compiler UnityShaderCompiler.exe after 0.05 seconds
Refreshing native plugins compatible for Editor in 0.71 ms, found 3 plugins.
Preloading 0 native plugins for Editor in 0.00 ms.
Unloading 2084 Unused Serialized files (Serialized files now loaded: 0)
System memory in use before: 93.8 MB.
System memory in use after: 93.7 MB.

Unloading 33 unused Assets to reduce memory usage. Loaded Objects now: 2517.
Total: 7.074939 ms (FindLiveObjects: 0.340767 ms CreateObjectMapping: 0.178141 ms MarkObjects: 6.305858 ms  DeleteObjects: 0.248234 ms)

AssetImportParameters requested are different than current active one (requested -> active):
  custom:framework-win-MediaFoundation: 216162199b28c13a410421893ffa2e32 -> 
  custom:video-decoder-ogg-theora: a1e56fd34408186e4bbccfd4996cb3dc -> 
  custom:container-muxer-webm: aa71ff27fc2769a1b78a27578f13a17b -> 
  custom:container-demuxer-webm: 4f35f7cbe854078d1ac9338744f61a02 -> 
  custom:container-demuxer-ogg: 62fdf1f143b41e24485cea50d1cbac27 -> 
  custom:video-encoder-webm-vp8: eb34c28f22e8b96e1ab97ce403110664 -> 
  custom:video-decoder-webm-vp8: 9c59270c3fd7afecdb556c50c9e8de78 -> 
  custom:audio-decoder-ogg-vorbis: bf7c407c2cedff20999df2af8eb42d56 -> 
  custom:audio-encoder-webm-vorbis: bf7c407c2cedff20999df2af8eb42d56 -> 
========================================================================
Received Import Request.
  path: Assets/Scripts
  artifactKey: Guid(084a3aa6c0d3c014aa54246281fcef33) Importer(815301076,1909f56bfc062723c751e8b465ee728b)
Start importing Assets/Scripts using Guid(084a3aa6c0d3c014aa54246281fcef33) Importer(815301076,1909f56bfc062723c751e8b465ee728b)  -> (artifact id: '90ea854925f998039c4946883a8885f0') in 0.006831 seconds 
  Import took 0.012160 seconds .

========================================================================
Received Import Request.
  Time since last request: 0.000253 seconds.
  path: Assets
  artifactKey: Guid(00000000000000001000000000000000) Importer(815301076,1909f56bfc062723c751e8b465ee728b)
Start importing Assets using Guid(00000000000000001000000000000000) Importer(815301076,1909f56bfc062723c751e8b465ee728b)  -> (artifact id: '42d402b061de3733987d63b9cc3b64de') in 0.001249 seconds 
  Import took 0.005235 seconds .

========================================================================
Received Import Request.
  Time since last request: 6.051210 seconds.
  path: Assets/Prefabs
  artifactKey: Guid(aabee4800926e774ab2cf5076d11def0) Importer(815301076,1909f56bfc062723c751e8b465ee728b)
Start importing Assets/Prefabs using Guid(aabee4800926e774ab2cf5076d11def0) Importer(815301076,1909f56bfc062723c751e8b465ee728b)  -> (artifact id: 'a9452218ccefca767f07297eeee9211f') in 0.002058 seconds 
  Import took 0.007010 seconds .

========================================================================
Received Import Request.
  Time since last request: 1.896191 seconds.
  path: Assets/Sprites
  artifactKey: Guid(b9aa045752d7a7649861701e6c627300) Importer(815301076,1909f56bfc062723c751e8b465ee728b)
Start importing Assets/Sprites using Guid(b9aa045752d7a7649861701e6c627300) Importer(815301076,1909f56bfc062723c751e8b465ee728b)  -> (artifact id: '04316f8706a4e0815c4aac9d558be93e') in 0.002163 seconds 
  Import took 0.008022 seconds .

========================================================================
Received Import Request.
  Time since last request: 6102.540355 seconds.
  path: Assets/Sprites/Backgrounds
  artifactKey: Guid(5c4208d69a3d55d4a874e4df7619cf0b) Importer(815301076,1909f56bfc062723c751e8b465ee728b)
Start importing Assets/Sprites/Backgrounds using Guid(5c4208d69a3d55d4a874e4df7619cf0b) Importer(815301076,1909f56bfc062723c751e8b465ee728b)  -> (artifact id: '45052877d60610eae28fe65fc4b662aa') in 0.003073 seconds 
  Import took 0.009293 seconds .

========================================================================
Received Import Request.
  Time since last request: 0.110024 seconds.
  path: Assets/Sprites/Backgrounds/Background_0.png
  artifactKey: Guid(96c8a2b22d73ec34fbf47b3786d35e3d) Importer(815301076,1909f56bfc062723c751e8b465ee728b)
Start importing Assets/Sprites/Backgrounds/Background_0.png using Guid(96c8a2b22d73ec34fbf47b3786d35e3d) Importer(815301076,1909f56bfc062723c751e8b465ee728b)  -> (artifact id: '98a9f4355ce28e2f417f21cd4e178d88') in 0.323210 seconds 
  Import took 0.329146 seconds .

========================================================================
Received Import Request.
  Time since last request: 0.000247 seconds.
  path: Assets/Sprites/Backgrounds/Background_3.png
  artifactKey: Guid(d672f5029aba74b4bbc2b256202ab044) Importer(815301076,1909f56bfc062723c751e8b465ee728b)
Start importing Assets/Sprites/Backgrounds/Background_3.png using Guid(d672f5029aba74b4bbc2b256202ab044) Importer(815301076,1909f56bfc062723c751e8b465ee728b)  -> (artifact id: '429d329936588d426a092b63e8d50e0a') in 0.041932 seconds 
  Import took 0.046345 seconds .

========================================================================
Received Import Request.
  Time since last request: 0.000198 seconds.
  path: Assets/Sprites/Backgrounds/Background_2.png
  artifactKey: Guid(0848952ed2720ca41847fec8443e653d) Importer(815301076,1909f56bfc062723c751e8b465ee728b)
Start importing Assets/Sprites/Backgrounds/Background_2.png using Guid(0848952ed2720ca41847fec8443e653d) Importer(815301076,1909f56bfc062723c751e8b465ee728b)  -> (artifact id: 'e4f407f67e9531e056f71f0bfdd6b3b0') in 0.016849 seconds 
  Import took 0.021555 seconds .

========================================================================
Received Import Request.
  Time since last request: 0.000236 seconds.
  path: Assets/Sprites/Backgrounds/Background_4.png
  artifactKey: Guid(6bf0f889f018a544bacbffbe39d2d313) Importer(815301076,1909f56bfc062723c751e8b465ee728b)
Start importing Assets/Sprites/Backgrounds/Background_4.png using Guid(6bf0f889f018a544bacbffbe39d2d313) Importer(815301076,1909f56bfc062723c751e8b465ee728b)  -> (artifact id: '93e4fcb7dc48969cd177f55a96de1271') in 0.017126 seconds 
  Import took 0.022284 seconds .

========================================================================
Received Import Request.
  Time since last request: 0.000290 seconds.
  path: Assets/Sprites/Backgrounds/Background_1.png
  artifactKey: Guid(212c31cfcc7457742aec0b93673b333a) Importer(815301076,1909f56bfc062723c751e8b465ee728b)
Start importing Assets/Sprites/Backgrounds/Background_1.png using Guid(212c31cfcc7457742aec0b93673b333a) Importer(815301076,1909f56bfc062723c751e8b465ee728b)  -> (artifact id: '58f0c77a52c30113d5f0a58bbbbd76a7') in 0.015116 seconds 
  Import took 0.020269 seconds .

========================================================================
Received Import Request.
  Time since last request: 81248.189434 seconds.
  path: Assets/Sprites/Enemies/Enemy_0.png
  artifactKey: Guid(d41c1499ec61b8c41b9b29d523fa75ba) Importer(815301076,1909f56bfc062723c751e8b465ee728b)
Start importing Assets/Sprites/Enemies/Enemy_0.png using Guid(d41c1499ec61b8c41b9b29d523fa75ba) Importer(815301076,1909f56bfc062723c751e8b465ee728b)  -> (artifact id: 'e612cb4fb1cfff400dd1ea87b449be49') in 0.199068 seconds 
  Import took 0.203365 seconds .

========================================================================
Received Import Request.
  Time since last request: 0.000355 seconds.
  path: Assets/Sprites/Enemies/Enemy_1.png
  artifactKey: Guid(893ed32575fc6d642a6ccab08885fd3f) Importer(815301076,1909f56bfc062723c751e8b465ee728b)
Start importing Assets/Sprites/Enemies/Enemy_1.png using Guid(893ed32575fc6d642a6ccab08885fd3f) Importer(815301076,1909f56bfc062723c751e8b465ee728b)  -> (artifact id: '6a947da95c1dfe7c64166975e929e1db') in 0.080931 seconds 
  Import took 0.096572 seconds .

========================================================================
Received Import Request.
  Time since last request: 0.000374 seconds.
  path: Assets/Sprites/Enemies/Enemy_0.png
  artifactKey: Guid(d41c1499ec61b8c41b9b29d523fa75ba) Importer(815301076,1909f56bfc062723c751e8b465ee728b)
Start importing Assets/Sprites/Enemies/Enemy_0.png using Guid(d41c1499ec61b8c41b9b29d523fa75ba) Importer(815301076,1909f56bfc062723c751e8b465ee728b)  -> (artifact id: 'e612cb4fb1cfff400dd1ea87b449be49') in 0.013632 seconds 
  Import took 0.018831 seconds .

========================================================================
Received Import Request.
  Time since last request: 0.001303 seconds.
  path: Assets/Sprites/Enemies/Enemy_1.png
  artifactKey: Guid(893ed32575fc6d642a6ccab08885fd3f) Importer(815301076,1909f56bfc062723c751e8b465ee728b)
Start importing Assets/Sprites/Enemies/Enemy_1.png using Guid(893ed32575fc6d642a6ccab08885fd3f) Importer(815301076,1909f56bfc062723c751e8b465ee728b)  -> (artifact id: '6a947da95c1dfe7c64166975e929e1db') in 0.013541 seconds 
  Import took 0.020188 seconds .

========================================================================
Received Import Request.
  Time since last request: 0.000325 seconds.
  path: Assets/Sprites/Enemies/Enemy_2.png
  artifactKey: Guid(b46ddd84808c0be4783433dfd902fe87) Importer(815301076,1909f56bfc062723c751e8b465ee728b)
Start importing Assets/Sprites/Enemies/Enemy_2.png using Guid(b46ddd84808c0be4783433dfd902fe87) Importer(815301076,1909f56bfc062723c751e8b465ee728b)  -> (artifact id: '3906c6f27d73fb1dc4a10ff139e73abb') in 0.061796 seconds 
  Import took 0.066856 seconds .

========================================================================
Received Import Request.
  Time since last request: 0.002431 seconds.
  path: Assets/Sprites/Enemies/Enemy_2.png
  artifactKey: Guid(b46ddd84808c0be4783433dfd902fe87) Importer(815301076,1909f56bfc062723c751e8b465ee728b)
Start importing Assets/Sprites/Enemies/Enemy_2.png using Guid(b46ddd84808c0be4783433dfd902fe87) Importer(815301076,1909f56bfc062723c751e8b465ee728b)  -> (artifact id: '3906c6f27d73fb1dc4a10ff139e73abb') in 0.012263 seconds 
  Import took 0.017251 seconds .

========================================================================
Received Import Request.
  Time since last request: 211.552787 seconds.
  path: Assets/Sprites/Square.png
  artifactKey: Guid(e06c9a1c48bdbc54ea543f5af0129260) Importer(815301076,1909f56bfc062723c751e8b465ee728b)
Start importing Assets/Sprites/Square.png using Guid(e06c9a1c48bdbc54ea543f5af0129260) Importer(815301076,1909f56bfc062723c751e8b465ee728b)  -> (artifact id: '705baea22176f472d50cb68a302c3e20') in 0.058745 seconds 
  Import took 0.064751 seconds .

========================================================================
Received Prepare
Registering precompiled user dll's ...
Registered in 0.082984 seconds.
Begin MonoManager ReloadAssembly
Native extension for WindowsStandalone target not found
Native extension for WebGL target not found
Refreshing native plugins compatible for Editor in 0.52 ms, found 3 plugins.
Preloading 0 native plugins for Editor in 0.00 ms.
Mono: successfully reloaded assembly
- Completed reload, in  1.433 seconds
Platform modules already initialized, skipping
Refreshing native plugins compatible for Editor in 0.74 ms, found 3 plugins.
Preloading 0 native plugins for Editor in 0.00 ms.
Unloading 2092 Unused Serialized files (Serialized files now loaded: 0)
System memory in use before: 98.6 MB.
System memory in use after: 98.0 MB.

Unloading 34 unused Assets to reduce memory usage. Loaded Objects now: 2529.
Total: 2.752735 ms (FindLiveObjects: 0.214157 ms CreateObjectMapping: 0.088932 ms MarkObjects: 2.108325 ms  DeleteObjects: 0.339659 ms)

AssetImportParameters requested are different than current active one (requested -> active):
  custom:framework-win-MediaFoundation: 216162199b28c13a410421893ffa2e32 -> 
  custom:video-decoder-ogg-theora: a1e56fd34408186e4bbccfd4996cb3dc -> 
  custom:container-muxer-webm: aa71ff27fc2769a1b78a27578f13a17b -> 
  custom:container-demuxer-webm: 4f35f7cbe854078d1ac9338744f61a02 -> 
  custom:container-demuxer-ogg: 62fdf1f143b41e24485cea50d1cbac27 -> 
  custom:video-encoder-webm-vp8: eb34c28f22e8b96e1ab97ce403110664 -> 
  custom:video-decoder-webm-vp8: 9c59270c3fd7afecdb556c50c9e8de78 -> 
  custom:audio-decoder-ogg-vorbis: bf7c407c2cedff20999df2af8eb42d56 -> 
  custom:audio-encoder-webm-vorbis: bf7c407c2cedff20999df2af8eb42d56 -> 
========================================================================
Received Import Request.
  Time since last request: 6451.247571 seconds.
  path: Assets/Scripts/Enemy.cs
  artifactKey: Guid(687d4ab4156c80442924fc2f49a71505) Importer(815301076,1909f56bfc062723c751e8b465ee728b)
Start importing Assets/Scripts/Enemy.cs using Guid(687d4ab4156c80442924fc2f49a71505) Importer(815301076,1909f56bfc062723c751e8b465ee728b)  -> (artifact id: 'bb64e9ee614d392da9d8c2d7b52d5abd') in 0.035554 seconds 
  Import took 0.040291 seconds .

========================================================================
Received Prepare
Registering precompiled user dll's ...
Registered in 0.006465 seconds.
Begin MonoManager ReloadAssembly
Native extension for WindowsStandalone target not found
Native extension for WebGL target not found
Refreshing native plugins compatible for Editor in 0.46 ms, found 3 plugins.
Preloading 0 native plugins for Editor in 0.00 ms.
Mono: successfully reloaded assembly
- Completed reload, in  1.556 seconds
Platform modules already initialized, skipping
Refreshing native plugins compatible for Editor in 0.44 ms, found 3 plugins.
Preloading 0 native plugins for Editor in 0.00 ms.
Unloading 2093 Unused Serialized files (Serialized files now loaded: 0)
System memory in use before: 98.7 MB.
System memory in use after: 98.0 MB.

Unloading 34 unused Assets to reduce memory usage. Loaded Objects now: 2534.
Total: 3.015375 ms (FindLiveObjects: 0.213880 ms CreateObjectMapping: 0.091425 ms MarkObjects: 2.294223 ms  DeleteObjects: 0.414462 ms)

AssetImportParameters requested are different than current active one (requested -> active):
  custom:framework-win-MediaFoundation: 216162199b28c13a410421893ffa2e32 -> 
  custom:video-decoder-ogg-theora: a1e56fd34408186e4bbccfd4996cb3dc -> 
  custom:container-muxer-webm: aa71ff27fc2769a1b78a27578f13a17b -> 
  custom:container-demuxer-webm: 4f35f7cbe854078d1ac9338744f61a02 -> 
  custom:container-demuxer-ogg: 62fdf1f143b41e24485cea50d1cbac27 -> 
  custom:video-encoder-webm-vp8: eb34c28f22e8b96e1ab97ce403110664 -> 
  custom:video-decoder-webm-vp8: 9c59270c3fd7afecdb556c50c9e8de78 -> 
  custom:audio-decoder-ogg-vorbis: bf7c407c2cedff20999df2af8eb42d56 -> 
  custom:audio-encoder-webm-vorbis: bf7c407c2cedff20999df2af8eb42d56 -> 
